SF:lib\src\open_meteo_api_client.dart
DA:21,1
DA:22,1
DA:30,1
DA:31,1
DA:34,1
DA:37,2
DA:39,2
DA:40,1
DA:43,2
DA:45,2
DA:47,1
DA:49,2
DA:51,2
DA:55,1
DA:59,1
DA:60,1
DA:61,1
DA:62,1
DA:66,2
DA:68,2
DA:69,1
DA:72,2
DA:74,1
DA:75,1
DA:78,0
DA:80,0
LF:26
LH:24
end_of_record
SF:lib\src\models\location.dart
DA:7,2
DA:19,4
LF:2
LH:2
end_of_record
SF:lib\src\models\location.g.dart
DA:11,4
DA:14,2
DA:15,2
DA:16,4
DA:17,4
DA:18,6
DA:19,6
LF:7
LH:7
end_of_record
SF:lib\src\models\weather.dart
DA:7,1
DA:16,1
DA:17,1
LF:3
LH:3
end_of_record
SF:lib\src\models\weather.g.dart
DA:11,2
DA:14,1
DA:15,1
DA:17,3
DA:19,3
LF:5
LH:5
end_of_record
